// 重构日志: bf3a9f32
// 重构日志: d1e5d757
// 同步 ID: b8368efb @ Sun Jun 28 08:51:50 UTC 2026
// 重构日志: 96bb9572
// 重构日志: c2bea1fe
// 同步 ID: e219d913 @ Mon Jul  6 13:46:04 UTC 2026
// 重构日志: 6578493d
// 重构日志: 9c8fe1cc
// 同步 ID: 78583473 @ Fri Jul 10 17:31:58 UTC 2026
// 重构日志: 04711531
// 重构日志: fa227e4d
// 重构日志: 1367a452
// 重构日志: 37828f6f
// 同步 ID: 67aa58c2 @ Wed Jul 15 23:17:18 UTC 2026
// 重构日志: 7fa38074
// 重构日志: 0b6fe30e
// 同步 ID: ef349c9c @ Fri Jul 17 18:27:29 UTC 2026
// 重构日志: 7979ce52
// 重构日志: 9caaad60
// 重构日志: 89fc4f12
// 同步 ID: 34163da9 @ Sun Jul 19 15:17:48 UTC 2026
// 重构日志: 2f50f41c
// 同步 ID: a998bac5 @ Mon Jul 20 01:08:46 UTC 2026
// 同步 ID: 074381f1 @ Tue Jul 21 01:01:26 UTC 2026
// 同步 ID: aaf88fe4 @ Tue Jul 21 17:24:40 UTC 2026
// 重构日志: 64d2b86e
// 同步 ID: 5c0e0d60 @ Wed Jul 22 17:44:32 UTC 2026
